<?xml version="1.0" encoding="UTF-8"?>
<!-- Generated by org.testng.reporters.JUnitReportReporter -->
<testsuite hostname="DESKTOP-EQRSAKF" failures="0" tests="1" name="com.jsonpractice.TestBrokenLinks" time="46.991" errors="0" timestamp="2023-09-29T13:03:24 IST" skipped="0">
  <testcase classname="com.jsonpractice.TestBrokenLinks" name="testBrokenLinks" time="46.991"/>
</testsuite> <!-- com.jsonpractice.TestBrokenLinks -->
